build/app/intermediates/manifest_merge_blame_file/release/manifest-merger-blame-release-report.txt
1<?xml version="1.0" encoding="utf-8"?>
2<manifest xmlns:android="http://schemas.android.com/apk/res/android"
3    package="fr.bento.epi_space"
4    android:versionCode="1"
5    android:versionName="1.0.0" >
6
7    <uses-sdk
8        android:minSdkVersion="16"
8-->src/main/AndroidManifest.xml
9        android:targetSdkVersion="28" />
9-->src/main/AndroidManifest.xml
10
11    <uses-permission android:name="android.permission.INTERNET" />
11-->src/main/AndroidManifest.xml:31:5-66
11-->src/main/AndroidManifest.xml:31:22-64
12    <!--
13     io.flutter.app.FlutterApplication is an android.app.Application that
14         calls FlutterMain.startInitialization(this); in its onCreate method.
15         In most cases you can leave this as-is, but you if you want to provide
16         additional functionality it is fine to subclass or reimplement
17         FlutterApplication and put your custom class here.
18    -->
19    <application
19-->src/main/AndroidManifest.xml:8:5-30:19
20        android:name="io.flutter.app.FlutterApplication"
20-->src/main/AndroidManifest.xml:9:9-57
21        android:appComponentFactory="androidx.core.app.CoreComponentFactory"
21-->[androidx.core:core:1.0.0] AndroidManifest.xml:22:18-86
22        android:icon="@mipmap/launcher_icon"
22-->src/main/AndroidManifest.xml:11:9-45
23        android:label="NewSpacepers"
23-->src/main/AndroidManifest.xml:10:9-37
24        android:usesCleartextTraffic="true" >
24-->src/main/AndroidManifest.xml:12:9-44
25        <activity
25-->src/main/AndroidManifest.xml:13:9-24:20
26            android:name="fr.bento.epi_space.MainActivity"
26-->src/main/AndroidManifest.xml:14:13-41
27            android:configChanges="orientation|keyboardHidden|keyboard|screenSize|smallestScreenSize|locale|layoutDirection|fontScale|screenLayout|density|uiMode"
27-->src/main/AndroidManifest.xml:17:13-163
28            android:hardwareAccelerated="true"
28-->src/main/AndroidManifest.xml:18:13-47
29            android:launchMode="singleTop"
29-->src/main/AndroidManifest.xml:15:13-43
30            android:theme="@style/LaunchTheme"
30-->src/main/AndroidManifest.xml:16:13-47
31            android:windowSoftInputMode="adjustResize" >
31-->src/main/AndroidManifest.xml:19:13-55
32            <intent-filter>
32-->src/main/AndroidManifest.xml:20:13-23:29
33                <action android:name="android.intent.action.MAIN" />
33-->src/main/AndroidManifest.xml:21:17-68
33-->src/main/AndroidManifest.xml:21:25-66
34
35                <category android:name="android.intent.category.LAUNCHER" />
35-->src/main/AndroidManifest.xml:22:17-76
35-->src/main/AndroidManifest.xml:22:27-74
36            </intent-filter>
37        </activity>
38        <!--
39             Don't delete the meta-data below.
40             This is used by the Flutter tool to generate GeneratedPluginRegistrant.java
41        -->
42        <meta-data
42-->src/main/AndroidManifest.xml:27:9-29:33
43            android:name="flutterEmbedding"
43-->src/main/AndroidManifest.xml:28:13-44
44            android:value="2" />
44-->src/main/AndroidManifest.xml:29:13-30
45    </application>
46
47</manifest>